# JRE version: Java(TM) SE Runtime Environment (8.0_271-b09) (build 1.8.0_271-b09)
# Java VM: Java HotSpot(TM) 64-Bit Server VM (25.271-b09 mixed mode windows-amd64 compressed oops)
Heap:
 PSYoungGen      total 96256K, used 21863K [0x00000000d6900000, 0x00000000dd500000, 0x0000000100000000)
  eden space 81920K, 26% used [0x00000000d6900000,0x00000000d7e59cd0,0x00000000db900000)
  from space 14336K, 0% used [0x00000000dc680000,0x00000000dc680000,0x00000000dd480000)
  to   space 13824K, 0% used [0x00000000db900000,0x00000000db900000,0x00000000dc680000)
 ParOldGen       total 88064K, used 15330K [0x0000000083a00000, 0x0000000089000000, 0x00000000d6900000)
  object space 88064K, 17% used [0x0000000083a00000,0x00000000848f8900,0x0000000089000000)
 Metaspace       used 36179K, capacity 37708K, committed 37848K, reserved 1083392K
  class space    used 4607K, capacity 4790K, committed 4864K, reserved 1048576K
GC Heap History (10 events):
Event: 2.906 GC heap before
{Heap before GC invocations=6 (full 1):
 PSYoungGen      total 37888K, used 5093K [0x00000000d6900000, 0x00000000dc500000, 0x0000000100000000)
  eden space 32768K, 0% used [0x00000000d6900000,0x00000000d6900000,0x00000000d8900000)
  from space 5120K, 99% used [0x00000000d8900000,0x00000000d8df9690,0x00000000d8e00000)
  to   space 14336K, 0% used [0x00000000db700000,0x00000000db700000,0x00000000dc500000)
 ParOldGen       total 86016K, used 15684K [0x0000000083a00000, 0x0000000088e00000, 0x00000000d6900000)
  object space 86016K, 18% used [0x0000000083a00000,0x00000000849510d8,0x0000000088e00000)
 Metaspace       used 20398K, capacity 21104K, committed 21248K, reserved 1067008K
  class space    used 2573K, capacity 2695K, committed 2816K, reserved 1048576K
Event: 2.936 GC heap after
Heap after GC invocations=6 (full 1):
 PSYoungGen      total 37888K, used 0K [0x00000000d6900000, 0x00000000dc500000, 0x0000000100000000)
  eden space 32768K, 0% used [0x00000000d6900000,0x00000000d6900000,0x00000000d8900000)
  from space 5120K, 0% used [0x00000000d8900000,0x00000000d8900000,0x00000000d8e00000)
  to   space 14336K, 0% used [0x00000000db700000,0x00000000db700000,0x00000000dc500000)
 ParOldGen       total 64512K, used 10535K [0x0000000083a00000, 0x0000000087900000, 0x00000000d6900000)
  object space 64512K, 16% used [0x0000000083a00000,0x0000000084449d90,0x0000000087900000)
 Metaspace       used 20396K, capacity 21098K, committed 21248K, reserved 1067008K
  class space    used 2572K, capacity 2694K, committed 2816K, reserved 1048576K
}
Event: 4.135 GC heap before
{Heap before GC invocations=7 (full 1):
 PSYoungGen      total 37888K, used 32768K [0x00000000d6900000, 0x00000000dc500000, 0x0000000100000000)
  eden space 32768K, 100% used [0x00000000d6900000,0x00000000d8900000,0x00000000d8900000)
  from space 5120K, 0% used [0x00000000d8900000,0x00000000d8900000,0x00000000d8e00000)
  to   space 14336K, 0% used [0x00000000db700000,0x00000000db700000,0x00000000dc500000)
 ParOldGen       total 64512K, used 10535K [0x0000000083a00000, 0x0000000087900000, 0x00000000d6900000)
  object space 64512K, 16% used [0x0000000083a00000,0x0000000084449d90,0x0000000087900000)
 Metaspace       used 23629K, capacity 24516K, committed 24704K, reserved 1071104K
  class space    used 3048K, capacity 3199K, committed 3200K, reserved 1048576K
Event: 4.140 GC heap after
Heap after GC invocations=7 (full 1):
 PSYoungGen      total 57856K, used 5064K [0x00000000d6900000, 0x00000000dbc00000, 0x0000000100000000)
  eden space 52736K, 0% used [0x00000000d6900000,0x00000000d6900000,0x00000000d9c80000)
  from space 5120K, 98% used [0x00000000db700000,0x00000000dbbf2260,0x00000000dbc00000)
  to   space 14336K, 0% used [0x00000000da000000,0x00000000da000000,0x00000000dae00000)
 ParOldGen       total 64512K, used 10543K [0x0000000083a00000, 0x0000000087900000, 0x00000000d6900000)
  object space 64512K, 16% used [0x0000000083a00000,0x000000008444bd90,0x0000000087900000)
 Metaspace       used 23629K, capacity 24516K, committed 24704K, reserved 1071104K
  class space    used 3048K, capacity 3199K, committed 3200K, reserved 1048576K
}
Event: 11.930 GC heap before
{Heap before GC invocations=8 (full 1):
 PSYoungGen      total 57856K, used 57800K [0x00000000d6900000, 0x00000000dbc00000, 0x0000000100000000)
  eden space 52736K, 100% used [0x00000000d6900000,0x00000000d9c80000,0x00000000d9c80000)
  from space 5120K, 98% used [0x00000000db700000,0x00000000dbbf2260,0x00000000dbc00000)
  to   space 14336K, 0% used [0x00000000da000000,0x00000000da000000,0x00000000dae00000)
 ParOldGen       total 64512K, used 10543K [0x0000000083a00000, 0x0000000087900000, 0x00000000d6900000)
  object space 64512K, 16% used [0x0000000083a00000,0x000000008444bd90,0x0000000087900000)
 Metaspace       used 31874K, capacity 33286K, committed 33408K, reserved 1079296K
  class space    used 4050K, capacity 4218K, committed 4224K, reserved 1048576K
Event: 11.935 GC heap after
Heap after GC invocations=8 (full 1):
 PSYoungGen      total 70656K, used 9393K [0x00000000d6900000, 0x00000000dd480000, 0x0000000100000000)
  eden space 56320K, 0% used [0x00000000d6900000,0x00000000d6900000,0x00000000da000000)
  from space 14336K, 65% used [0x00000000da000000,0x00000000da92c608,0x00000000dae00000)
  to   space 14336K, 0% used [0x00000000dc680000,0x00000000dc680000,0x00000000dd480000)
 ParOldGen       total 64512K, used 10551K [0x0000000083a00000, 0x0000000087900000, 0x00000000d6900000)
  object space 64512K, 16% used [0x0000000083a00000,0x000000008444dd90,0x0000000087900000)
 Metaspace       used 31874K, capacity 33286K, committed 33408K, reserved 1079296K
  class space    used 4050K, capacity 4218K, committed 4224K, reserved 1048576K
}
Event: 21.370 GC heap before
{Heap before GC invocations=9 (full 1):
 PSYoungGen      total 70656K, used 22298K [0x00000000d6900000, 0x00000000dd480000, 0x0000000100000000)
  eden space 56320K, 22% used [0x00000000d6900000,0x00000000d759a368,0x00000000da000000)
  from space 14336K, 65% used [0x00000000da000000,0x00000000da92c608,0x00000000dae00000)
  to   space 14336K, 0% used [0x00000000dc680000,0x00000000dc680000,0x00000000dd480000)
 ParOldGen       total 64512K, used 10551K [0x0000000083a00000, 0x0000000087900000, 0x00000000d6900000)
  object space 64512K, 16% used [0x0000000083a00000,0x000000008444dd90,0x0000000087900000)
 Metaspace       used 33948K, capacity 35342K, committed 35416K, reserved 1081344K
  class space    used 4296K, capacity 4461K, committed 4480K, reserved 1048576K
Event: 21.374 GC heap after
Heap after GC invocations=9 (full 1):
 PSYoungGen      total 96256K, used 5943K [0x00000000d6900000, 0x00000000dd500000, 0x0000000100000000)
  eden space 81920K, 0% used [0x00000000d6900000,0x00000000d6900000,0x00000000db900000)
  from space 14336K, 41% used [0x00000000dc680000,0x00000000dcc4dc90,0x00000000dd480000)
  to   space 13824K, 0% used [0x00000000db900000,0x00000000db900000,0x00000000dc680000)
 ParOldGen       total 64512K, used 10559K [0x0000000083a00000, 0x0000000087900000, 0x00000000d6900000)
  object space 64512K, 16% used [0x0000000083a00000,0x000000008444fd90,0x0000000087900000)
 Metaspace       used 33948K, capacity 35342K, committed 35416K, reserved 1081344K
  class space    used 4296K, capacity 4461K, committed 4480K, reserved 1048576K
}
Event: 21.374 GC heap before
{Heap before GC invocations=10 (full 2):
 PSYoungGen      total 96256K, used 5943K [0x00000000d6900000, 0x00000000dd500000, 0x0000000100000000)
  eden space 81920K, 0% used [0x00000000d6900000,0x00000000d6900000,0x00000000db900000)
  from space 14336K, 41% used [0x00000000dc680000,0x00000000dcc4dc90,0x00000000dd480000)
  to   space 13824K, 0% used [0x00000000db900000,0x00000000db900000,0x00000000dc680000)
 ParOldGen       total 64512K, used 10559K [0x0000000083a00000, 0x0000000087900000, 0x00000000d6900000)
  object space 64512K, 16% used [0x0000000083a00000,0x000000008444fd90,0x0000000087900000)
 Metaspace       used 33948K, capacity 35342K, committed 35416K, reserved 1081344K
  class space    used 4296K, capacity 4461K, committed 4480K, reserved 1048576K
Event: 21.431 GC heap after
Heap after GC invocations=10 (full 2):
 PSYoungGen      total 96256K, used 0K [0x00000000d6900000, 0x00000000dd500000, 0x0000000100000000)
  eden space 81920K, 0% used [0x00000000d6900000,0x00000000d6900000,0x00000000db900000)
  from space 14336K, 0% used [0x00000000dc680000,0x00000000dc680000,0x00000000dd480000)
  to   space 13824K, 0% used [0x00000000db900000,0x00000000db900000,0x00000000dc680000)
 ParOldGen       total 88064K, used 15330K [0x0000000083a00000, 0x0000000089000000, 0x00000000d6900000)
  object space 88064K, 17% used [0x0000000083a00000,0x00000000848f8900,0x0000000089000000)
 Metaspace       used 33948K, capacity 35342K, committed 35416K, reserved 1081344K
  class space    used 4296K, capacity 4461K, committed 4480K, reserved 1048576K
}

